<component name="libraryTable">
  <library name="junit-4.12">
    <CLASSES>
      <root url="jar://$PROJECT_DIR$/../../junit-4.12.jar!/" />
      <root url="jar://$PROJECT_DIR$/../../commons-collections4-4.0.jar!/" />
    </CLASSES>
    <JAVADOC />
    <SOURCES />
  </library>
</component>